<?xml version="1.0" encoding="UTF-8"?>
<testsuite name="com.udacity.gradle.jokes.test.JokerTest" tests="1" skipped="0" failures="0" errors="0" timestamp="2016-03-06T17:48:59" hostname="NY-KIMSUH-YO" time="0.002">
  <properties/>
  <testcase name="test" classname="com.udacity.gradle.jokes.test.JokerTest" time="0.002"/>
  <system-out><![CDATA[]]></system-out>
  <system-err><![CDATA[]]></system-err>
</testsuite>
